[38;5;112m[Appium][0m Welcome to Appium v2.17.1
[38;5;112m[Appium][0m Non-default server args:
[38;5;112m[Appium][0m { basePath: [32m'/wd/hub'[39m, loglevel: [32m'info'[39m, port: [33m50499[39m }
[38;5;112m[Appium][0m Attempting to load driver uiautomator2...
[38;5;112m[Appium][0m Attempting to load driver xcuitest...
[38;5;112m[Appium][0m Attempting to load driver flutter...
[38;5;112m[Appium][0m Appium REST http interface listener started on http://0.0.0.0:50499/wd/hub
[38;5;112m[Appium][0m You can provide the following URLs in your client code to connect to this server:
	http://127.0.0.1:50499/wd/hub (only accessible from the same host)
	http://127.94.0.1:50499/wd/hub (only accessible from the same host)
	http://172.20.10.6:50499/wd/hub
	http://172.16.69.140:50499/wd/hub
[38;5;112m[Appium][0m Available drivers:
[38;5;112m[Appium][0m   - uiautomator2@4.2.1 (automationName 'UiAutomator2')
[38;5;112m[Appium][0m   - xcuitest@9.2.0 (automationName 'XCUITest')
[38;5;112m[Appium][0m   - flutter@2.14.2 (automationName 'Flutter')
[38;5;112m[Appium][0m No plugins have been installed. Use the "appium plugin" command to install the one(s) you want to use.
[38;5;86m[HTTP][0m [37m-->[39m [37mGET[39m [37m/wd/hub/status[39m {}
[38;5;86m[HTTP][0m <-- GET /wd/hub/status 200 5 ms - 111 
[38;5;86m[HTTP][0m [37m-->[39m [37mGET[39m [37m/wd/hub/status[39m {}
[38;5;86m[HTTP][0m <-- GET /wd/hub/status 200 1 ms - 111 
[38;5;86m[HTTP][0m [37m-->[39m [37mPOST[39m [37m/wd/hub/session[39m {"capabilities":{"firstMatch":[{"appium:app":"/Users/mohit/Documents/APK/OTP-citymall.apk","appium:autoGrantPermissions":true,"appium:automationName":"uiautomator2","appium:deviceId":"","appium:deviceName":"emulator-5554 (sdk_gphone64_arm64 - Android 15)","appium:fullReset":false,"appium:newCommandTimeout":1800,"appium:noReset":true,"appium:platformName":"ANDROID","appium:platformVersion":"15","appium:systemPort":50537,"appium:udid":"emulator-5554","platformName":"ANDROID"}]},"desiredCapabilities":{"appium:app":"/Users/mohit/Documents/APK/OTP-citymall.apk","appium:autoGrantPermissions":true,"appium:automationName":"uiautomator2","appium:deviceId":"","appium:deviceName":"emulator-5554 (sdk_gphone64_arm64 - Android 15)","appium:fullReset":false,"appium:newCommandTimeout":1800,"appium:noReset":true,"appium:platformName":"ANDROID","appium:platformVersion":"15","appium:systemPort":50537,"appium:udid":"emulator-5554"}}
[38;5;123m[BaseDriver][0m Ignoring capability 'appium:platformName=ANDROID' and using capability 'platformName=ANDROID'
[38;5;123m[BaseDriver][0m The capabilities ["platformName"] are standard capabilities and do not require "appium:" prefix
[38;5;112m[Appium][0m Attempting to find matching driver for automationName 'uiautomator2' and platformName 'ANDROID'
[38;5;112m[Appium][0m The 'uiautomator2' driver was installed and matched caps.
[38;5;112m[Appium][0m Will require it at /Users/mohit/.appium/node_modules/appium-uiautomator2-driver
[38;5;138m[AppiumDriver@db9a][0m Appium v2.17.1 creating new AndroidUiautomator2Driver (v4.2.1) session
[38;5;138m[AppiumDriver@db9a][0m Checking BaseDriver versions for Appium and AndroidUiautomator2Driver
[38;5;138m[AppiumDriver@db9a][0m Appium's BaseDriver version is 9.16.4
[38;5;138m[AppiumDriver@db9a][0m AndroidUiautomator2Driver's BaseDriver version is 9.12.0
[38;5;-145m[AndroidUiautomator2Driver@8a83][0m The following provided capabilities were not recognized by this driver:
[38;5;-145m[AndroidUiautomator2Driver@8a83][0m   deviceId
[38;5;105m[82953d80][0m[38;5;-145m[AndroidUiautomator2Driver@8a83][0m Session created with session id: 82953d80-962f-4563-9191-5cf4d945998f
[38;5;105m[82953d80][0m[38;5;229m[ADB][0m Found 1 'build-tools' folders under '/Users/mohit/.katalon/tools/android_sdk' (newest first):
[38;5;105m[82953d80][0m[38;5;229m[ADB][0m     /Users/mohit/.katalon/tools/android_sdk/build-tools/29.0.3
[38;5;105m[82953d80][0m[38;5;229m[ADB][0m Using 'adb' from '/Users/mohit/.katalon/tools/android_sdk/platform-tools/adb'
[38;5;105m[82953d80][0m[38;5;-145m[AndroidUiautomator2Driver@8a83][0m Retrieving device list
[38;5;105m[82953d80][0m[38;5;-145m[AndroidUiautomator2Driver@8a83][0m Using device: emulator-5554
[38;5;105m[82953d80][0m[38;5;229m[ADB][0m Using 'adb' from '/Users/mohit/.katalon/tools/android_sdk/platform-tools/adb'
[38;5;105m[82953d80][0m[38;5;123m[BaseDriver][0m Using local app '/Users/mohit/Documents/APK/OTP-citymall.apk'
[38;5;105m[82953d80][0m[38;5;229m[ADB][0m Getting device platform version
[38;5;105m[82953d80][0m[38;5;-145m[AndroidUiautomator2Driver@8a83][0m Relaxing hidden api policy
[38;5;105m[82953d80][0m[38;5;229m[ADB][0m Using 'aapt2' from '/Users/mohit/.katalon/tools/android_sdk/build-tools/29.0.3/aapt2'
[38;5;105m[82953d80][0m[38;5;229m[ADB][0m Package name: 'live.citymall.customer.prod'
[38;5;105m[82953d80][0m[38;5;229m[ADB][0m Main activity name: 'live.citymall.customer.MainActivity'
[38;5;105m[82953d80][0m[38;5;229m[ADB][0m Using 'apksigner.jar' from '/Users/mohit/.katalon/tools/android_sdk/build-tools/29.0.3/lib/apksigner.jar'
[38;5;105m[82953d80][0m[38;5;-145m[AndroidUiautomator2Driver@8a83][0m Server packages are not going to be (re)installed
[38;5;105m[82953d80][0m[38;5;229m[ADB][0m Adding packages ["io.appium.settings","io.appium.uiautomator2.server","io.appium.uiautomator2.server.test"] to Doze whitelist
[38;5;105m[82953d80][0m[38;5;229m[ADB][0m '/Users/mohit/Documents/APK/OTP-citymall.apk' is signed with a non-default certificate
[38;5;105m[82953d80][0m[38;5;229m[ADB][0m The application at '/Users/mohit/Documents/APK/OTP-citymall.apk' will not be cached, because the device under test has confirmed the support of streamed installs
[38;5;105m[82953d80][0m[38;5;229m[ADB][0m The installation of 'OTP-citymall.apk' took 655ms
[38;5;105m[82953d80][0m[38;5;-145m[AndroidUiautomator2Driver@8a83][0m Starting UIAutomator2 server 7.4.1
[38;5;105m[82953d80][0m[38;5;-145m[AndroidUiautomator2Driver@8a83][0m Using UIAutomator2 server from '/Users/mohit/.appium/node_modules/appium-uiautomator2-driver/node_modules/appium-uiautomator2-server/apks/appium-uiautomator2-server-v7.4.1.apk' and test from '/Users/mohit/.appium/node_modules/appium-uiautomator2-driver/node_modules/appium-uiautomator2-server/apks/appium-uiautomator2-server-debug-androidTest.apk'
[38;5;105m[82953d80][0m[38;5;-145m[AndroidUiautomator2Driver@8a83][0m Waiting up to 30000ms for UiAutomator2 to be online...
[38;5;105m[82953d80][0m[38;5;-145m[AndroidUiautomator2Driver@8a83][0m socket hang up
[38;5;105m[82953d80][0m[38;5;-145m[AndroidUiautomator2Driver@8a83][0m Determined the downstream protocol as 'W3C'
[38;5;105m[82953d80][0m[38;5;-145m[AndroidUiautomator2Driver@8a83][0m Screen already unlocked, doing nothing
[38;5;105m[82953d80][0m[38;5;-145m[AndroidUiautomator2Driver@8a83][0m Starting 'live.citymall.customer.prod/live.citymall.customer.MainActivity' and waiting for 'live.citymall.customer.prod/live.citymall.customer.MainActivity'
[38;5;105m[82953d80][0m[38;5;138m[AppiumDriver@db9a][0m New AndroidUiautomator2Driver session created successfully, session 82953d80-962f-4563-9191-5cf4d945998f added to master session list
[38;5;105m[82953d80][0m[38;5;86m[HTTP][0m <-- POST /wd/hub/session 200 5014 ms - 1295 
[38;5;86m[HTTP][0m [37m-->[39m [37mGET[39m [37m/wd/hub/status[39m {}
[38;5;86m[HTTP][0m <-- GET /wd/hub/status 200 0 ms - 111 
[38;5;105m[82953d80][0m[38;5;86m[HTTP][0m [37m-->[39m [37mPOST[39m [37m/wd/hub/session/82953d80-962f-4563-9191-5cf4d945998f/timeouts[39m {"implicit":60000}
[38;5;105m[82953d80][0m[38;5;86m[HTTP][0m <-- POST /wd/hub/session/82953d80-962f-4563-9191-5cf4d945998f/timeouts 200 2 ms - 14 
[38;5;105m[82953d80][0m[38;5;86m[HTTP][0m [37m-->[39m [37mGET[39m [37m/wd/hub/session/82953d80-962f-4563-9191-5cf4d945998f/source[39m {}
[38;5;105m[82953d80][0m[38;5;-145m[AndroidUiautomator2Driver@8a83][0m Driver proxy active, passing request on via HTTP proxy
[38;5;105m[82953d80][0m[38;5;-145m[AndroidUiautomator2Driver@8a83][0m Replacing sessionId 7adfbd7f-bcaf-456c-82dc-776d9d757d30 with 82953d80-962f-4563-9191-5cf4d945998f
[38;5;105m[82953d80][0m[38;5;86m[HTTP][0m <-- GET /wd/hub/session/82953d80-962f-4563-9191-5cf4d945998f/source 200 834 ms - 29178 
[38;5;105m[82953d80][0m[38;5;86m[HTTP][0m [37m-->[39m [37mGET[39m [37m/wd/hub/session/82953d80-962f-4563-9191-5cf4d945998f/screenshot[39m {}
[38;5;105m[82953d80][0m[38;5;86m[HTTP][0m <-- GET /wd/hub/session/82953d80-962f-4563-9191-5cf4d945998f/screenshot 200 294 ms - 1085364 
[38;5;105m[82953d80][0m[38;5;86m[HTTP][0m [37m-->[39m [37mGET[39m [37m/wd/hub/session/82953d80-962f-4563-9191-5cf4d945998f/source[39m {}
[38;5;105m[82953d80][0m[38;5;-145m[AndroidUiautomator2Driver@8a83][0m Driver proxy active, passing request on via HTTP proxy
[38;5;105m[82953d80][0m[38;5;-145m[AndroidUiautomator2Driver@8a83][0m Replacing sessionId 7adfbd7f-bcaf-456c-82dc-776d9d757d30 with 82953d80-962f-4563-9191-5cf4d945998f
[38;5;105m[82953d80][0m[38;5;86m[HTTP][0m <-- GET /wd/hub/session/82953d80-962f-4563-9191-5cf4d945998f/source 200 111 ms - 78235 
[38;5;105m[82953d80][0m[38;5;86m[HTTP][0m [37m-->[39m [37mGET[39m [37m/wd/hub/session/82953d80-962f-4563-9191-5cf4d945998f/screenshot[39m {}
[38;5;105m[82953d80][0m[38;5;86m[HTTP][0m <-- GET /wd/hub/session/82953d80-962f-4563-9191-5cf4d945998f/screenshot 200 220 ms - 671044 
[38;5;105m[82953d80][0m[38;5;86m[HTTP][0m [37m-->[39m [37mGET[39m [37m/wd/hub/session/82953d80-962f-4563-9191-5cf4d945998f/source[39m {}
[38;5;105m[82953d80][0m[38;5;-145m[AndroidUiautomator2Driver@8a83][0m Driver proxy active, passing request on via HTTP proxy
[38;5;105m[82953d80][0m[38;5;-145m[AndroidUiautomator2Driver@8a83][0m Replacing sessionId 7adfbd7f-bcaf-456c-82dc-776d9d757d30 with 82953d80-962f-4563-9191-5cf4d945998f
[38;5;105m[82953d80][0m[38;5;86m[HTTP][0m <-- GET /wd/hub/session/82953d80-962f-4563-9191-5cf4d945998f/source 200 101 ms - 78235 
[38;5;105m[82953d80][0m[38;5;86m[HTTP][0m [37m-->[39m [37mGET[39m [37m/wd/hub/session/82953d80-962f-4563-9191-5cf4d945998f/screenshot[39m {}
[38;5;105m[82953d80][0m[38;5;86m[HTTP][0m <-- GET /wd/hub/session/82953d80-962f-4563-9191-5cf4d945998f/screenshot 200 210 ms - 671044 
[38;5;105m[82953d80][0m[38;5;86m[HTTP][0m [37m-->[39m [37mGET[39m [37m/wd/hub/session/82953d80-962f-4563-9191-5cf4d945998f/source[39m {}
[38;5;105m[82953d80][0m[38;5;-145m[AndroidUiautomator2Driver@8a83][0m Driver proxy active, passing request on via HTTP proxy
[38;5;105m[82953d80][0m[38;5;-145m[AndroidUiautomator2Driver@8a83][0m Replacing sessionId 7adfbd7f-bcaf-456c-82dc-776d9d757d30 with 82953d80-962f-4563-9191-5cf4d945998f
[38;5;105m[82953d80][0m[38;5;86m[HTTP][0m <-- GET /wd/hub/session/82953d80-962f-4563-9191-5cf4d945998f/source 200 110 ms - 98594 
[38;5;105m[82953d80][0m[38;5;86m[HTTP][0m [37m-->[39m [37mGET[39m [37m/wd/hub/session/82953d80-962f-4563-9191-5cf4d945998f/screenshot[39m {}
[38;5;105m[82953d80][0m[38;5;86m[HTTP][0m <-- GET /wd/hub/session/82953d80-962f-4563-9191-5cf4d945998f/screenshot 200 271 ms - 1053032 
[38;5;105m[82953d80][0m[38;5;86m[HTTP][0m [37m-->[39m [37mGET[39m [37m/wd/hub/session/82953d80-962f-4563-9191-5cf4d945998f/source[39m {}
[38;5;105m[82953d80][0m[38;5;-145m[AndroidUiautomator2Driver@8a83][0m Driver proxy active, passing request on via HTTP proxy
[38;5;105m[82953d80][0m[38;5;-145m[AndroidUiautomator2Driver@8a83][0m Replacing sessionId 7adfbd7f-bcaf-456c-82dc-776d9d757d30 with 82953d80-962f-4563-9191-5cf4d945998f
[38;5;105m[82953d80][0m[38;5;86m[HTTP][0m <-- GET /wd/hub/session/82953d80-962f-4563-9191-5cf4d945998f/source 200 113 ms - 113437 
[38;5;105m[82953d80][0m[38;5;86m[HTTP][0m [37m-->[39m [37mGET[39m [37m/wd/hub/session/82953d80-962f-4563-9191-5cf4d945998f/screenshot[39m {}
[38;5;105m[82953d80][0m[38;5;86m[HTTP][0m <-- GET /wd/hub/session/82953d80-962f-4563-9191-5cf4d945998f/screenshot 200 256 ms - 1053032 
[38;5;105m[82953d80][0m[38;5;86m[HTTP][0m [37m-->[39m [37mGET[39m [37m/wd/hub/session/82953d80-962f-4563-9191-5cf4d945998f/source[39m {}
[38;5;105m[82953d80][0m[38;5;-145m[AndroidUiautomator2Driver@8a83][0m Driver proxy active, passing request on via HTTP proxy
[38;5;105m[82953d80][0m[38;5;-145m[AndroidUiautomator2Driver@8a83][0m Replacing sessionId 7adfbd7f-bcaf-456c-82dc-776d9d757d30 with 82953d80-962f-4563-9191-5cf4d945998f
[38;5;105m[82953d80][0m[38;5;86m[HTTP][0m <-- GET /wd/hub/session/82953d80-962f-4563-9191-5cf4d945998f/source 200 525 ms - 171193 
[38;5;105m[82953d80][0m[38;5;86m[HTTP][0m [37m-->[39m [37mGET[39m [37m/wd/hub/session/82953d80-962f-4563-9191-5cf4d945998f/screenshot[39m {}
[38;5;105m[82953d80][0m[38;5;86m[HTTP][0m <-- GET /wd/hub/session/82953d80-962f-4563-9191-5cf4d945998f/screenshot 200 299 ms - 1216848 
[38;5;105m[82953d80][0m[38;5;86m[HTTP][0m [37m-->[39m [37mGET[39m [37m/wd/hub/session/82953d80-962f-4563-9191-5cf4d945998f/source[39m {}
[38;5;105m[82953d80][0m[38;5;-145m[AndroidUiautomator2Driver@8a83][0m Driver proxy active, passing request on via HTTP proxy
[38;5;105m[82953d80][0m[38;5;-145m[AndroidUiautomator2Driver@8a83][0m Replacing sessionId 7adfbd7f-bcaf-456c-82dc-776d9d757d30 with 82953d80-962f-4563-9191-5cf4d945998f
[38;5;105m[82953d80][0m[38;5;86m[HTTP][0m <-- GET /wd/hub/session/82953d80-962f-4563-9191-5cf4d945998f/source 200 765 ms - 171193 
[38;5;105m[82953d80][0m[38;5;86m[HTTP][0m [37m-->[39m [37mGET[39m [37m/wd/hub/session/82953d80-962f-4563-9191-5cf4d945998f/screenshot[39m {}
[38;5;105m[82953d80][0m[38;5;86m[HTTP][0m <-- GET /wd/hub/session/82953d80-962f-4563-9191-5cf4d945998f/screenshot 200 238 ms - 1213620 
[38;5;105m[82953d80][0m[38;5;86m[HTTP][0m [37m-->[39m [37mGET[39m [37m/wd/hub/session/82953d80-962f-4563-9191-5cf4d945998f/source[39m {}
[38;5;105m[82953d80][0m[38;5;-145m[AndroidUiautomator2Driver@8a83][0m Driver proxy active, passing request on via HTTP proxy
[38;5;105m[82953d80][0m[38;5;-145m[AndroidUiautomator2Driver@8a83][0m Replacing sessionId 7adfbd7f-bcaf-456c-82dc-776d9d757d30 with 82953d80-962f-4563-9191-5cf4d945998f
[38;5;105m[82953d80][0m[38;5;86m[HTTP][0m <-- GET /wd/hub/session/82953d80-962f-4563-9191-5cf4d945998f/source 200 1400 ms - 171193 
[38;5;105m[82953d80][0m[38;5;86m[HTTP][0m [37m-->[39m [37mGET[39m [37m/wd/hub/session/82953d80-962f-4563-9191-5cf4d945998f/screenshot[39m {}
[38;5;105m[82953d80][0m[38;5;86m[HTTP][0m <-- GET /wd/hub/session/82953d80-962f-4563-9191-5cf4d945998f/screenshot 200 241 ms - 1213572 
[38;5;105m[82953d80][0m[38;5;86m[HTTP][0m [37m-->[39m [37mGET[39m [37m/wd/hub/session/82953d80-962f-4563-9191-5cf4d945998f/source[39m {}
[38;5;105m[82953d80][0m[38;5;-145m[AndroidUiautomator2Driver@8a83][0m Driver proxy active, passing request on via HTTP proxy
[38;5;105m[82953d80][0m[38;5;-145m[AndroidUiautomator2Driver@8a83][0m Replacing sessionId 7adfbd7f-bcaf-456c-82dc-776d9d757d30 with 82953d80-962f-4563-9191-5cf4d945998f
[38;5;105m[82953d80][0m[38;5;86m[HTTP][0m <-- GET /wd/hub/session/82953d80-962f-4563-9191-5cf4d945998f/source 200 62 ms - 37543 
[38;5;105m[82953d80][0m[38;5;86m[HTTP][0m [37m-->[39m [37mGET[39m [37m/wd/hub/session/82953d80-962f-4563-9191-5cf4d945998f/screenshot[39m {}
[38;5;105m[82953d80][0m[38;5;86m[HTTP][0m <-- GET /wd/hub/session/82953d80-962f-4563-9191-5cf4d945998f/screenshot 200 155 ms - 135684 
[38;5;105m[82953d80][0m[38;5;86m[HTTP][0m [37m-->[39m [37mGET[39m [37m/wd/hub/session/82953d80-962f-4563-9191-5cf4d945998f/source[39m {}
[38;5;105m[82953d80][0m[38;5;-145m[AndroidUiautomator2Driver@8a83][0m Driver proxy active, passing request on via HTTP proxy
[38;5;105m[82953d80][0m[38;5;-145m[AndroidUiautomator2Driver@8a83][0m Replacing sessionId 7adfbd7f-bcaf-456c-82dc-776d9d757d30 with 82953d80-962f-4563-9191-5cf4d945998f
[38;5;105m[82953d80][0m[38;5;86m[HTTP][0m <-- GET /wd/hub/session/82953d80-962f-4563-9191-5cf4d945998f/source 200 33 ms - 37543 
[38;5;105m[82953d80][0m[38;5;86m[HTTP][0m [37m-->[39m [37mGET[39m [37m/wd/hub/session/82953d80-962f-4563-9191-5cf4d945998f/screenshot[39m {}
[38;5;105m[82953d80][0m[38;5;86m[HTTP][0m <-- GET /wd/hub/session/82953d80-962f-4563-9191-5cf4d945998f/screenshot 200 155 ms - 135684 
[38;5;105m[82953d80][0m[38;5;86m[HTTP][0m [37m-->[39m [37mGET[39m [37m/wd/hub/session/82953d80-962f-4563-9191-5cf4d945998f/source[39m {}
[38;5;105m[82953d80][0m[38;5;-145m[AndroidUiautomator2Driver@8a83][0m Driver proxy active, passing request on via HTTP proxy
[38;5;105m[82953d80][0m[38;5;-145m[AndroidUiautomator2Driver@8a83][0m Replacing sessionId 7adfbd7f-bcaf-456c-82dc-776d9d757d30 with 82953d80-962f-4563-9191-5cf4d945998f
[38;5;105m[82953d80][0m[38;5;86m[HTTP][0m <-- GET /wd/hub/session/82953d80-962f-4563-9191-5cf4d945998f/source 200 87 ms - 77443 
[38;5;105m[82953d80][0m[38;5;86m[HTTP][0m [37m-->[39m [37mGET[39m [37m/wd/hub/session/82953d80-962f-4563-9191-5cf4d945998f/screenshot[39m {}
[38;5;105m[82953d80][0m[38;5;86m[HTTP][0m <-- GET /wd/hub/session/82953d80-962f-4563-9191-5cf4d945998f/screenshot 200 207 ms - 710976 
[38;5;105m[82953d80][0m[38;5;86m[HTTP][0m [37m-->[39m [37mGET[39m [37m/wd/hub/session/82953d80-962f-4563-9191-5cf4d945998f/source[39m {}
[38;5;105m[82953d80][0m[38;5;-145m[AndroidUiautomator2Driver@8a83][0m Driver proxy active, passing request on via HTTP proxy
[38;5;105m[82953d80][0m[38;5;-145m[AndroidUiautomator2Driver@8a83][0m Replacing sessionId 7adfbd7f-bcaf-456c-82dc-776d9d757d30 with 82953d80-962f-4563-9191-5cf4d945998f
[38;5;105m[82953d80][0m[38;5;86m[HTTP][0m <-- GET /wd/hub/session/82953d80-962f-4563-9191-5cf4d945998f/source 200 86 ms - 77443 
[38;5;105m[82953d80][0m[38;5;86m[HTTP][0m [37m-->[39m [37mGET[39m [37m/wd/hub/session/82953d80-962f-4563-9191-5cf4d945998f/screenshot[39m {}
[38;5;105m[82953d80][0m[38;5;86m[HTTP][0m <-- GET /wd/hub/session/82953d80-962f-4563-9191-5cf4d945998f/screenshot 200 199 ms - 710976 
[38;5;105m[82953d80][0m[38;5;86m[HTTP][0m [37m-->[39m [37mGET[39m [37m/wd/hub/session/82953d80-962f-4563-9191-5cf4d945998f/source[39m {}
[38;5;105m[82953d80][0m[38;5;-145m[AndroidUiautomator2Driver@8a83][0m Driver proxy active, passing request on via HTTP proxy
[38;5;105m[82953d80][0m[38;5;-145m[AndroidUiautomator2Driver@8a83][0m Replacing sessionId 7adfbd7f-bcaf-456c-82dc-776d9d757d30 with 82953d80-962f-4563-9191-5cf4d945998f
[38;5;105m[82953d80][0m[38;5;86m[HTTP][0m <-- GET /wd/hub/session/82953d80-962f-4563-9191-5cf4d945998f/source 200 143 ms - 106484 
[38;5;105m[82953d80][0m[38;5;86m[HTTP][0m [37m-->[39m [37mGET[39m [37m/wd/hub/session/82953d80-962f-4563-9191-5cf4d945998f/screenshot[39m {}
[38;5;105m[82953d80][0m[38;5;86m[HTTP][0m <-- GET /wd/hub/session/82953d80-962f-4563-9191-5cf4d945998f/screenshot 200 212 ms - 945064 
[38;5;105m[82953d80][0m[38;5;86m[HTTP][0m [37m-->[39m [37mGET[39m [37m/wd/hub/session/82953d80-962f-4563-9191-5cf4d945998f/source[39m {}
[38;5;105m[82953d80][0m[38;5;-145m[AndroidUiautomator2Driver@8a83][0m Driver proxy active, passing request on via HTTP proxy
[38;5;105m[82953d80][0m[38;5;-145m[AndroidUiautomator2Driver@8a83][0m Replacing sessionId 7adfbd7f-bcaf-456c-82dc-776d9d757d30 with 82953d80-962f-4563-9191-5cf4d945998f
[38;5;105m[82953d80][0m[38;5;86m[HTTP][0m <-- GET /wd/hub/session/82953d80-962f-4563-9191-5cf4d945998f/source 200 101 ms - 106484 
[38;5;105m[82953d80][0m[38;5;86m[HTTP][0m [37m-->[39m [37mGET[39m [37m/wd/hub/session/82953d80-962f-4563-9191-5cf4d945998f/screenshot[39m {}
[38;5;105m[82953d80][0m[38;5;86m[HTTP][0m <-- GET /wd/hub/session/82953d80-962f-4563-9191-5cf4d945998f/screenshot 200 244 ms - 945064 
[38;5;105m[82953d80][0m[38;5;86m[HTTP][0m [37m-->[39m [37mGET[39m [37m/wd/hub/session/82953d80-962f-4563-9191-5cf4d945998f/source[39m {}
[38;5;105m[82953d80][0m[38;5;-145m[AndroidUiautomator2Driver@8a83][0m Driver proxy active, passing request on via HTTP proxy
[38;5;105m[82953d80][0m[38;5;-145m[AndroidUiautomator2Driver@8a83][0m Replacing sessionId 7adfbd7f-bcaf-456c-82dc-776d9d757d30 with 82953d80-962f-4563-9191-5cf4d945998f
[38;5;105m[82953d80][0m[38;5;86m[HTTP][0m <-- GET /wd/hub/session/82953d80-962f-4563-9191-5cf4d945998f/source 200 95 ms - 106484 
[38;5;105m[82953d80][0m[38;5;86m[HTTP][0m [37m-->[39m [37mGET[39m [37m/wd/hub/session/82953d80-962f-4563-9191-5cf4d945998f/screenshot[39m {}
[38;5;105m[82953d80][0m[38;5;86m[HTTP][0m <-- GET /wd/hub/session/82953d80-962f-4563-9191-5cf4d945998f/screenshot 200 300 ms - 945536 
[38;5;105m[82953d80][0m[38;5;86m[HTTP][0m [37m-->[39m [37mGET[39m [37m/wd/hub/session/82953d80-962f-4563-9191-5cf4d945998f/source[39m {}
[38;5;105m[82953d80][0m[38;5;-145m[AndroidUiautomator2Driver@8a83][0m Driver proxy active, passing request on via HTTP proxy
[38;5;105m[82953d80][0m[38;5;-145m[AndroidUiautomator2Driver@8a83][0m Replacing sessionId 7adfbd7f-bcaf-456c-82dc-776d9d757d30 with 82953d80-962f-4563-9191-5cf4d945998f
[38;5;105m[82953d80][0m[38;5;86m[HTTP][0m <-- GET /wd/hub/session/82953d80-962f-4563-9191-5cf4d945998f/source 200 98 ms - 82564 
[38;5;105m[82953d80][0m[38;5;86m[HTTP][0m [37m-->[39m [37mGET[39m [37m/wd/hub/session/82953d80-962f-4563-9191-5cf4d945998f/screenshot[39m {}
[38;5;105m[82953d80][0m[38;5;86m[HTTP][0m <-- GET /wd/hub/session/82953d80-962f-4563-9191-5cf4d945998f/screenshot 200 282 ms - 684572 
[38;5;105m[82953d80][0m[38;5;86m[HTTP][0m [37m-->[39m [37mGET[39m [37m/wd/hub/session/82953d80-962f-4563-9191-5cf4d945998f/source[39m {}
[38;5;105m[82953d80][0m[38;5;-145m[AndroidUiautomator2Driver@8a83][0m Driver proxy active, passing request on via HTTP proxy
[38;5;105m[82953d80][0m[38;5;-145m[AndroidUiautomator2Driver@8a83][0m Replacing sessionId 7adfbd7f-bcaf-456c-82dc-776d9d757d30 with 82953d80-962f-4563-9191-5cf4d945998f
[38;5;105m[82953d80][0m[38;5;86m[HTTP][0m <-- GET /wd/hub/session/82953d80-962f-4563-9191-5cf4d945998f/source 200 301 ms - 82564 
[38;5;105m[82953d80][0m[38;5;86m[HTTP][0m [37m-->[39m [37mGET[39m [37m/wd/hub/session/82953d80-962f-4563-9191-5cf4d945998f/screenshot[39m {}
[38;5;105m[82953d80][0m[38;5;86m[HTTP][0m <-- GET /wd/hub/session/82953d80-962f-4563-9191-5cf4d945998f/screenshot 200 194 ms - 684704 
[38;5;105m[82953d80][0m[38;5;86m[HTTP][0m [37m-->[39m [37mDELETE[39m [37m/wd/hub/session/82953d80-962f-4563-9191-5cf4d945998f[39m {}
[38;5;105m[82953d80][0m[38;5;138m[AppiumDriver@db9a][0m Removing session 82953d80-962f-4563-9191-5cf4d945998f from our master session list
[38;5;105m[82953d80][0m[38;5;-145m[AndroidUiautomator2Driver@8a83][0m Restoring hidden api policy to the device default configuration
[38;5;105m[82953d80][0m[38;5;86m[HTTP][0m <-- DELETE /wd/hub/session/82953d80-962f-4563-9191-5cf4d945998f 200 289 ms - 14 
[38;5;112m[Appium][0m Received SIGTERM - shutting down
[38;5;86m[HTTP][0m Closing Appium HTTP server
